<?xml version="1.0" encoding="UTF-8"?>
<testsuite xmlns:xsi="http://www.w3.org/2001/XMLSchema-instance" xsi:noNamespaceSchemaLocation="https://maven.apache.org/surefire/maven-surefire-plugin/xsd/surefire-test-report-3.0.xsd" version="3.0" name="com.TwitterAppTest" time="1.407" tests="5" errors="0" skipped="0" failures="0">
  <properties>
    <property name="gopherProxySet" value="false"/>
    <property name="awt.toolkit" value="sun.lwawt.macosx.LWCToolkit"/>
    <property name="file.encoding.pkg" value="sun.io"/>
    <property name="java.specification.version" value="1.8"/>
    <property name="sun.cpu.isalist" value=""/>
    <property name="sun.jnu.encoding" value="UTF-8"/>
    <property name="java.class.path" value="/Users/anshul.jain/IdeaProjects/TwitterApp/target/test-classes:/Users/anshul.jain/IdeaProjects/TwitterApp/target/classes:/Users/anshul.jain/.m2/repository/com/yammer/dropwizard/dropwizard-core/0.6.2/dropwizard-core-0.6.2.jar:/Users/anshul.jain/.m2/repository/com/sun/jersey/jersey-core/1.17.1/jersey-core-1.17.1.jar:/Users/anshul.jain/.m2/repository/com/sun/jersey/jersey-server/1.17.1/jersey-server-1.17.1.jar:/Users/anshul.jain/.m2/repository/asm/asm/3.1/asm-3.1.jar:/Users/anshul.jain/.m2/repository/com/sun/jersey/jersey-servlet/1.17.1/jersey-servlet-1.17.1.jar:/Users/anshul.jain/.m2/repository/com/yammer/metrics/metrics-core/2.2.0/metrics-core-2.2.0.jar:/Users/anshul.jain/.m2/repository/com/yammer/metrics/metrics-servlet/2.2.0/metrics-servlet-2.2.0.jar:/Users/anshul.jain/.m2/repository/com/yammer/metrics/metrics-jetty/2.2.0/metrics-jetty-2.2.0.jar:/Users/anshul.jain/.m2/repository/com/yammer/metrics/metrics-logback/2.2.0/metrics-logback-2.2.0.jar:/Users/anshul.jain/.m2/repository/com/yammer/metrics/metrics-jersey/2.2.0/metrics-jersey-2.2.0.jar:/Users/anshul.jain/.m2/repository/com/yammer/metrics/metrics-annotation/2.2.0/metrics-annotation-2.2.0.jar:/Users/anshul.jain/.m2/repository/com/fasterxml/jackson/core/jackson-databind/2.1.4/jackson-databind-2.1.4.jar:/Users/anshul.jain/.m2/repository/com/fasterxml/jackson/core/jackson-annotations/2.1.4/jackson-annotations-2.1.4.jar:/Users/anshul.jain/.m2/repository/com/fasterxml/jackson/core/jackson-core/2.1.4/jackson-core-2.1.4.jar:/Users/anshul.jain/.m2/repository/com/fasterxml/jackson/jaxrs/jackson-jaxrs-json-provider/2.1.4/jackson-jaxrs-json-provider-2.1.4.jar:/Users/anshul.jain/.m2/repository/com/fasterxml/jackson/module/jackson-module-jaxb-annotations/2.1.4/jackson-module-jaxb-annotations-2.1.4.jar:/Users/anshul.jain/.m2/repository/com/fasterxml/jackson/dataformat/jackson-dataformat-yaml/2.1.4/jackson-dataformat-yaml-2.1.4.jar:/Users/anshul.jain/.m2/repository/com/fasterxml/jackson/datatype/jackson-datatype-guava/2.1.2/jackson-datatype-guava-2.1.2.jar:/Users/anshul.jain/.m2/repository/net/sourceforge/argparse4j/argparse4j/0.4.0/argparse4j-0.4.0.jar:/Users/anshul.jain/.m2/repository/org/slf4j/slf4j-api/1.7.4/slf4j-api-1.7.4.jar:/Users/anshul.jain/.m2/repository/org/slf4j/jul-to-slf4j/1.7.4/jul-to-slf4j-1.7.4.jar:/Users/anshul.jain/.m2/repository/ch/qos/logback/logback-core/1.0.10/logback-core-1.0.10.jar:/Users/anshul.jain/.m2/repository/ch/qos/logback/logback-classic/1.0.10/logback-classic-1.0.10.jar:/Users/anshul.jain/.m2/repository/org/slf4j/log4j-over-slf4j/1.7.4/log4j-over-slf4j-1.7.4.jar:/Users/anshul.jain/.m2/repository/org/eclipse/jetty/jetty-server/8.1.10.v20130312/jetty-server-8.1.10.v20130312.jar:/Users/anshul.jain/.m2/repository/org/eclipse/jetty/orbit/javax.servlet/3.0.0.v201112011016/javax.servlet-3.0.0.v201112011016.jar:/Users/anshul.jain/.m2/repository/org/eclipse/jetty/jetty-continuation/8.1.10.v20130312/jetty-continuation-8.1.10.v20130312.jar:/Users/anshul.jain/.m2/repository/org/eclipse/jetty/jetty-servlet/8.1.10.v20130312/jetty-servlet-8.1.10.v20130312.jar:/Users/anshul.jain/.m2/repository/org/eclipse/jetty/jetty-security/8.1.10.v20130312/jetty-security-8.1.10.v20130312.jar:/Users/anshul.jain/.m2/repository/org/eclipse/jetty/jetty-http/8.1.10.v20130312/jetty-http-8.1.10.v20130312.jar:/Users/anshul.jain/.m2/repository/org/eclipse/jetty/jetty-io/8.1.10.v20130312/jetty-io-8.1.10.v20130312.jar:/Users/anshul.jain/.m2/repository/org/eclipse/jetty/jetty-util/8.1.10.v20130312/jetty-util-8.1.10.v20130312.jar:/Users/anshul.jain/.m2/repository/com/google/guava/guava/14.0.1/guava-14.0.1.jar:/Users/anshul.jain/.m2/repository/com/google/code/findbugs/jsr305/2.0.1/jsr305-2.0.1.jar:/Users/anshul.jain/.m2/repository/org/hibernate/hibernate-validator/4.3.1.Final/hibernate-validator-4.3.1.Final.jar:/Users/anshul.jain/.m2/repository/javax/validation/validation-api/1.0.0.GA/validation-api-1.0.0.GA.jar:/Users/anshul.jain/.m2/repository/org/jboss/logging/jboss-logging/3.1.0.CR2/jboss-logging-3.1.0.CR2.jar:/Users/anshul.jain/.m2/repository/joda-time/joda-time/2.2/joda-time-2.2.jar:/Users/anshul.jain/.m2/repository/com/fasterxml/jackson/datatype/jackson-datatype-joda/2.1.2/jackson-datatype-joda-2.1.2.jar:/Users/anshul.jain/.m2/repository/org/junit/jupiter/junit-jupiter-api/5.6.2/junit-jupiter-api-5.6.2.jar:/Users/anshul.jain/.m2/repository/org/apiguardian/apiguardian-api/1.1.0/apiguardian-api-1.1.0.jar:/Users/anshul.jain/.m2/repository/org/opentest4j/opentest4j/1.2.0/opentest4j-1.2.0.jar:/Users/anshul.jain/.m2/repository/org/junit/platform/junit-platform-commons/1.6.2/junit-platform-commons-1.6.2.jar:/Users/anshul.jain/.m2/repository/org/junit/jupiter/junit-jupiter-engine/5.6.2/junit-jupiter-engine-5.6.2.jar:/Users/anshul.jain/.m2/repository/org/junit/platform/junit-platform-engine/1.6.2/junit-platform-engine-1.6.2.jar:/Users/anshul.jain/.m2/repository/org/junit/jupiter/junit-jupiter/5.7.0-M1/junit-jupiter-5.7.0-M1.jar:/Users/anshul.jain/.m2/repository/org/junit/jupiter/junit-jupiter-params/5.7.0-M1/junit-jupiter-params-5.7.0-M1.jar:/Users/anshul.jain/.m2/repository/org/junit/platform/junit-platform-runner/1.6.2/junit-platform-runner-1.6.2.jar:/Users/anshul.jain/.m2/repository/org/junit/platform/junit-platform-launcher/1.6.2/junit-platform-launcher-1.6.2.jar:/Users/anshul.jain/.m2/repository/org/junit/platform/junit-platform-suite-api/1.6.2/junit-platform-suite-api-1.6.2.jar:/Users/anshul.jain/.m2/repository/org/twitter4j/twitter4j-core/4.0.7/twitter4j-core-4.0.7.jar:/Users/anshul.jain/.m2/repository/org/mockito/mockito-junit-jupiter/3.4.4/mockito-junit-jupiter-3.4.4.jar:/Users/anshul.jain/.m2/repository/org/mockito/mockito-core/3.4.4/mockito-core-3.4.4.jar:/Users/anshul.jain/.m2/repository/net/bytebuddy/byte-buddy/1.10.13/byte-buddy-1.10.13.jar:/Users/anshul.jain/.m2/repository/net/bytebuddy/byte-buddy-agent/1.10.13/byte-buddy-agent-1.10.13.jar:/Users/anshul.jain/.m2/repository/org/objenesis/objenesis/2.6/objenesis-2.6.jar:/Users/anshul.jain/.m2/repository/junit/junit/4.13/junit-4.13.jar:/Users/anshul.jain/.m2/repository/org/hamcrest/hamcrest-core/1.3/hamcrest-core-1.3.jar:"/>
    <property name="java.vm.vendor" value="Amazon.com Inc."/>
    <property name="sun.arch.data.model" value="64"/>
    <property name="java.vendor.url" value="https://aws.amazon.com/corretto/"/>
    <property name="user.timezone" value=""/>
    <property name="java.vm.specification.version" value="1.8"/>
    <property name="os.name" value="Mac OS X"/>
    <property name="user.country" value="IN"/>
    <property name="sun.java.launcher" value="SUN_STANDARD"/>
    <property name="sun.boot.library.path" value="/Library/Java/JavaVirtualMachines/amazon-corretto-8.jdk/Contents/Home/jre/lib"/>
    <property name="sun.java.command" value="/Users/anshul.jain/IdeaProjects/TwitterApp/target/surefire/surefirebooter1640977482737511870.jar /Users/anshul.jain/IdeaProjects/TwitterApp/target/surefire 2020-08-13T18-40-38_640-jvmRun1 surefire5175099385406199059tmp surefire_01666685105947148269tmp"/>
    <property name="surefire.test.class.path" value="/Users/anshul.jain/IdeaProjects/TwitterApp/target/test-classes:/Users/anshul.jain/IdeaProjects/TwitterApp/target/classes:/Users/anshul.jain/.m2/repository/com/yammer/dropwizard/dropwizard-core/0.6.2/dropwizard-core-0.6.2.jar:/Users/anshul.jain/.m2/repository/com/sun/jersey/jersey-core/1.17.1/jersey-core-1.17.1.jar:/Users/anshul.jain/.m2/repository/com/sun/jersey/jersey-server/1.17.1/jersey-server-1.17.1.jar:/Users/anshul.jain/.m2/repository/asm/asm/3.1/asm-3.1.jar:/Users/anshul.jain/.m2/repository/com/sun/jersey/jersey-servlet/1.17.1/jersey-servlet-1.17.1.jar:/Users/anshul.jain/.m2/repository/com/yammer/metrics/metrics-core/2.2.0/metrics-core-2.2.0.jar:/Users/anshul.jain/.m2/repository/com/yammer/metrics/metrics-servlet/2.2.0/metrics-servlet-2.2.0.jar:/Users/anshul.jain/.m2/repository/com/yammer/metrics/metrics-jetty/2.2.0/metrics-jetty-2.2.0.jar:/Users/anshul.jain/.m2/repository/com/yammer/metrics/metrics-logback/2.2.0/metrics-logback-2.2.0.jar:/Users/anshul.jain/.m2/repository/com/yammer/metrics/metrics-jersey/2.2.0/metrics-jersey-2.2.0.jar:/Users/anshul.jain/.m2/repository/com/yammer/metrics/metrics-annotation/2.2.0/metrics-annotation-2.2.0.jar:/Users/anshul.jain/.m2/repository/com/fasterxml/jackson/core/jackson-databind/2.1.4/jackson-databind-2.1.4.jar:/Users/anshul.jain/.m2/repository/com/fasterxml/jackson/core/jackson-annotations/2.1.4/jackson-annotations-2.1.4.jar:/Users/anshul.jain/.m2/repository/com/fasterxml/jackson/core/jackson-core/2.1.4/jackson-core-2.1.4.jar:/Users/anshul.jain/.m2/repository/com/fasterxml/jackson/jaxrs/jackson-jaxrs-json-provider/2.1.4/jackson-jaxrs-json-provider-2.1.4.jar:/Users/anshul.jain/.m2/repository/com/fasterxml/jackson/module/jackson-module-jaxb-annotations/2.1.4/jackson-module-jaxb-annotations-2.1.4.jar:/Users/anshul.jain/.m2/repository/com/fasterxml/jackson/dataformat/jackson-dataformat-yaml/2.1.4/jackson-dataformat-yaml-2.1.4.jar:/Users/anshul.jain/.m2/repository/com/fasterxml/jackson/datatype/jackson-datatype-guava/2.1.2/jackson-datatype-guava-2.1.2.jar:/Users/anshul.jain/.m2/repository/net/sourceforge/argparse4j/argparse4j/0.4.0/argparse4j-0.4.0.jar:/Users/anshul.jain/.m2/repository/org/slf4j/slf4j-api/1.7.4/slf4j-api-1.7.4.jar:/Users/anshul.jain/.m2/repository/org/slf4j/jul-to-slf4j/1.7.4/jul-to-slf4j-1.7.4.jar:/Users/anshul.jain/.m2/repository/ch/qos/logback/logback-core/1.0.10/logback-core-1.0.10.jar:/Users/anshul.jain/.m2/repository/ch/qos/logback/logback-classic/1.0.10/logback-classic-1.0.10.jar:/Users/anshul.jain/.m2/repository/org/slf4j/log4j-over-slf4j/1.7.4/log4j-over-slf4j-1.7.4.jar:/Users/anshul.jain/.m2/repository/org/eclipse/jetty/jetty-server/8.1.10.v20130312/jetty-server-8.1.10.v20130312.jar:/Users/anshul.jain/.m2/repository/org/eclipse/jetty/orbit/javax.servlet/3.0.0.v201112011016/javax.servlet-3.0.0.v201112011016.jar:/Users/anshul.jain/.m2/repository/org/eclipse/jetty/jetty-continuation/8.1.10.v20130312/jetty-continuation-8.1.10.v20130312.jar:/Users/anshul.jain/.m2/repository/org/eclipse/jetty/jetty-servlet/8.1.10.v20130312/jetty-servlet-8.1.10.v20130312.jar:/Users/anshul.jain/.m2/repository/org/eclipse/jetty/jetty-security/8.1.10.v20130312/jetty-security-8.1.10.v20130312.jar:/Users/anshul.jain/.m2/repository/org/eclipse/jetty/jetty-http/8.1.10.v20130312/jetty-http-8.1.10.v20130312.jar:/Users/anshul.jain/.m2/repository/org/eclipse/jetty/jetty-io/8.1.10.v20130312/jetty-io-8.1.10.v20130312.jar:/Users/anshul.jain/.m2/repository/org/eclipse/jetty/jetty-util/8.1.10.v20130312/jetty-util-8.1.10.v20130312.jar:/Users/anshul.jain/.m2/repository/com/google/guava/guava/14.0.1/guava-14.0.1.jar:/Users/anshul.jain/.m2/repository/com/google/code/findbugs/jsr305/2.0.1/jsr305-2.0.1.jar:/Users/anshul.jain/.m2/repository/org/hibernate/hibernate-validator/4.3.1.Final/hibernate-validator-4.3.1.Final.jar:/Users/anshul.jain/.m2/repository/javax/validation/validation-api/1.0.0.GA/validation-api-1.0.0.GA.jar:/Users/anshul.jain/.m2/repository/org/jboss/logging/jboss-logging/3.1.0.CR2/jboss-logging-3.1.0.CR2.jar:/Users/anshul.jain/.m2/repository/joda-time/joda-time/2.2/joda-time-2.2.jar:/Users/anshul.jain/.m2/repository/com/fasterxml/jackson/datatype/jackson-datatype-joda/2.1.2/jackson-datatype-joda-2.1.2.jar:/Users/anshul.jain/.m2/repository/org/junit/jupiter/junit-jupiter-api/5.6.2/junit-jupiter-api-5.6.2.jar:/Users/anshul.jain/.m2/repository/org/apiguardian/apiguardian-api/1.1.0/apiguardian-api-1.1.0.jar:/Users/anshul.jain/.m2/repository/org/opentest4j/opentest4j/1.2.0/opentest4j-1.2.0.jar:/Users/anshul.jain/.m2/repository/org/junit/platform/junit-platform-commons/1.6.2/junit-platform-commons-1.6.2.jar:/Users/anshul.jain/.m2/repository/org/junit/jupiter/junit-jupiter-engine/5.6.2/junit-jupiter-engine-5.6.2.jar:/Users/anshul.jain/.m2/repository/org/junit/platform/junit-platform-engine/1.6.2/junit-platform-engine-1.6.2.jar:/Users/anshul.jain/.m2/repository/org/junit/jupiter/junit-jupiter/5.7.0-M1/junit-jupiter-5.7.0-M1.jar:/Users/anshul.jain/.m2/repository/org/junit/jupiter/junit-jupiter-params/5.7.0-M1/junit-jupiter-params-5.7.0-M1.jar:/Users/anshul.jain/.m2/repository/org/junit/platform/junit-platform-runner/1.6.2/junit-platform-runner-1.6.2.jar:/Users/anshul.jain/.m2/repository/org/junit/platform/junit-platform-launcher/1.6.2/junit-platform-launcher-1.6.2.jar:/Users/anshul.jain/.m2/repository/org/junit/platform/junit-platform-suite-api/1.6.2/junit-platform-suite-api-1.6.2.jar:/Users/anshul.jain/.m2/repository/org/twitter4j/twitter4j-core/4.0.7/twitter4j-core-4.0.7.jar:/Users/anshul.jain/.m2/repository/org/mockito/mockito-junit-jupiter/3.4.4/mockito-junit-jupiter-3.4.4.jar:/Users/anshul.jain/.m2/repository/org/mockito/mockito-core/3.4.4/mockito-core-3.4.4.jar:/Users/anshul.jain/.m2/repository/net/bytebuddy/byte-buddy/1.10.13/byte-buddy-1.10.13.jar:/Users/anshul.jain/.m2/repository/net/bytebuddy/byte-buddy-agent/1.10.13/byte-buddy-agent-1.10.13.jar:/Users/anshul.jain/.m2/repository/org/objenesis/objenesis/2.6/objenesis-2.6.jar:/Users/anshul.jain/.m2/repository/junit/junit/4.13/junit-4.13.jar:/Users/anshul.jain/.m2/repository/org/hamcrest/hamcrest-core/1.3/hamcrest-core-1.3.jar:"/>
    <property name="sun.cpu.endian" value="little"/>
    <property name="user.home" value="/Users/anshul.jain"/>
    <property name="user.language" value="en"/>
    <property name="java.specification.vendor" value="Oracle Corporation"/>
    <property name="java.home" value="/Library/Java/JavaVirtualMachines/amazon-corretto-8.jdk/Contents/Home/jre"/>
    <property name="basedir" value="/Users/anshul.jain/IdeaProjects/TwitterApp"/>
    <property name="file.separator" value="/"/>
    <property name="line.separator" value="&#10;"/>
    <property name="java.vm.specification.vendor" value="Oracle Corporation"/>
    <property name="java.specification.name" value="Java Platform API Specification"/>
    <property name="java.awt.graphicsenv" value="sun.awt.CGraphicsEnvironment"/>
    <property name="surefire.real.class.path" value="/Users/anshul.jain/IdeaProjects/TwitterApp/target/surefire/surefirebooter1640977482737511870.jar:/Users/anshul.jain/.m2/repository/org/jacoco/org.jacoco.agent/0.8.5/org.jacoco.agent-0.8.5-runtime.jar"/>
    <property name="sun.boot.class.path" value="/Library/Java/JavaVirtualMachines/amazon-corretto-8.jdk/Contents/Home/jre/lib/resources.jar:/Library/Java/JavaVirtualMachines/amazon-corretto-8.jdk/Contents/Home/jre/lib/rt.jar:/Library/Java/JavaVirtualMachines/amazon-corretto-8.jdk/Contents/Home/jre/lib/sunrsasign.jar:/Library/Java/JavaVirtualMachines/amazon-corretto-8.jdk/Contents/Home/jre/lib/jsse.jar:/Library/Java/JavaVirtualMachines/amazon-corretto-8.jdk/Contents/Home/jre/lib/jce.jar:/Library/Java/JavaVirtualMachines/amazon-corretto-8.jdk/Contents/Home/jre/lib/charsets.jar:/Library/Java/JavaVirtualMachines/amazon-corretto-8.jdk/Contents/Home/jre/lib/jfr.jar:/Library/Java/JavaVirtualMachines/amazon-corretto-8.jdk/Contents/Home/jre/classes"/>
    <property name="sun.management.compiler" value="HotSpot 64-Bit Tiered Compilers"/>
    <property name="java.runtime.version" value="1.8.0_265-b01"/>
    <property name="user.name" value="anshul.jain"/>
    <property name="path.separator" value=":"/>
    <property name="os.version" value="10.15.6"/>
    <property name="java.endorsed.dirs" value="/Library/Java/JavaVirtualMachines/amazon-corretto-8.jdk/Contents/Home/jre/lib/endorsed"/>
    <property name="java.runtime.name" value="OpenJDK Runtime Environment"/>
    <property name="file.encoding" value="US-ASCII"/>
    <property name="java.vm.name" value="OpenJDK 64-Bit Server VM"/>
    <property name="localRepository" value="/Users/anshul.jain/.m2/repository"/>
    <property name="java.vendor.url.bug" value="https://github.com/corretto/corretto-8/issues/"/>
    <property name="java.io.tmpdir" value="/var/folders/kw/5m3q6nmx2jb5crz5qrpfhccm0000gp/T/"/>
    <property name="idea.version" value="2020.2"/>
    <property name="java.version" value="1.8.0_265"/>
    <property name="user.dir" value="/Users/anshul.jain/IdeaProjects/TwitterApp"/>
    <property name="os.arch" value="x86_64"/>
    <property name="java.vm.specification.name" value="Java Virtual Machine Specification"/>
    <property name="java.awt.printerjob" value="sun.lwawt.macosx.CPrinterJob"/>
    <property name="sun.os.patch.level" value="unknown"/>
    <property name="java.library.path" value="/Users/anshul.jain/Library/Java/Extensions:/Library/Java/Extensions:/Network/Library/Java/Extensions:/System/Library/Java/Extensions:/usr/lib/java:."/>
    <property name="java.vm.info" value="mixed mode"/>
    <property name="java.vendor" value="Amazon.com Inc."/>
    <property name="java.vm.version" value="25.265-b01"/>
    <property name="java.ext.dirs" value="/Users/anshul.jain/Library/Java/Extensions:/Library/Java/JavaVirtualMachines/amazon-corretto-8.jdk/Contents/Home/jre/lib/ext:/Library/Java/Extensions:/Network/Library/Java/Extensions:/System/Library/Java/Extensions:/usr/lib/java"/>
    <property name="sun.io.unicode.encoding" value="UnicodeBig"/>
    <property name="java.class.version" value="52.0"/>
  </properties>
  <testcase name="testPostTweetWhenTwitterApiDown" classname="TweetUtilityTest" time="0.938"/>
  <testcase name="testPostTweet" classname="TweetUtilityTest" time="0.006"/>
  <testcase name="testPostTweet" classname="TweetUtilityTest" time="0.002"/>
  <testcase name="testTimeline" classname="TweetUtilityTest" time="0.002"/>
  <testcase name="testTimelineWhenTwitterApiDown" classname="TweetUtilityTest" time="0.002"/>
</testsuite>